2023-04-08T11:34:49.932-05:00  INFO 13432 --- [restartedMain] com.web.onpe.WebOnpeStsApplication       : Starting WebOnpeStsApplication using Java 17.0.6 with PID 13432 (D:\Users\PC\Documents\workspace-spring-tool-suite-4-4.17.2.RELEASE\WebOnpe_STS\target\classes started by PC in D:\Users\PC\Documents\workspace-spring-tool-suite-4-4.17.2.RELEASE\WebOnpe_STS)
2023-04-08T11:34:49.945-05:00  INFO 13432 --- [restartedMain] com.web.onpe.WebOnpeStsApplication       : No active profile set, falling back to 1 default profile: "default"
2023-04-08T11:34:50.002-05:00  INFO 13432 --- [restartedMain] .e.DevToolsPropertyDefaultsPostProcessor : Devtools property defaults active! Set 'spring.devtools.add-properties' to 'false' to disable
2023-04-08T11:34:50.003-05:00  INFO 13432 --- [restartedMain] .e.DevToolsPropertyDefaultsPostProcessor : For additional web related logging consider setting the 'logging.level.web' property to 'DEBUG'
2023-04-08T11:34:50.472-05:00  INFO 13432 --- [restartedMain] .s.d.r.c.RepositoryConfigurationDelegate : Multiple Spring Data modules found, entering strict repository configuration mode
2023-04-08T11:34:50.473-05:00  INFO 13432 --- [restartedMain] .s.d.r.c.RepositoryConfigurationDelegate : Bootstrapping Spring Data JDBC repositories in DEFAULT mode.
2023-04-08T11:34:50.493-05:00  INFO 13432 --- [restartedMain] .s.d.r.c.RepositoryConfigurationDelegate : Finished Spring Data repository scanning in 16 ms. Found 0 JDBC repository interfaces.
2023-04-08T11:34:50.501-05:00  INFO 13432 --- [restartedMain] .s.d.r.c.RepositoryConfigurationDelegate : Multiple Spring Data modules found, entering strict repository configuration mode
2023-04-08T11:34:50.503-05:00  INFO 13432 --- [restartedMain] .s.d.r.c.RepositoryConfigurationDelegate : Bootstrapping Spring Data JPA repositories in DEFAULT mode.
2023-04-08T11:34:50.506-05:00  INFO 13432 --- [restartedMain] .s.d.r.c.RepositoryConfigurationDelegate : Finished Spring Data repository scanning in 1 ms. Found 0 JPA repository interfaces.
2023-04-08T11:34:50.968-05:00  INFO 13432 --- [restartedMain] o.s.b.w.embedded.tomcat.TomcatWebServer  : Tomcat initialized with port(s): 8080 (http)
2023-04-08T11:34:50.976-05:00  INFO 13432 --- [restartedMain] o.apache.catalina.core.StandardService   : Starting service [Tomcat]
2023-04-08T11:34:50.977-05:00  INFO 13432 --- [restartedMain] o.apache.catalina.core.StandardEngine    : Starting Servlet engine: [Apache Tomcat/10.1.7]
2023-04-08T11:34:51.035-05:00  INFO 13432 --- [restartedMain] o.a.c.c.C.[Tomcat].[localhost].[/onpe]   : Initializing Spring embedded WebApplicationContext
2023-04-08T11:34:51.035-05:00  INFO 13432 --- [restartedMain] w.s.c.ServletWebServerApplicationContext : Root WebApplicationContext: initialization completed in 1032 ms
2023-04-08T11:34:51.169-05:00  INFO 13432 --- [restartedMain] o.hibernate.jpa.internal.util.LogHelper  : HHH000204: Processing PersistenceUnitInfo [name: default]
2023-04-08T11:34:51.224-05:00  INFO 13432 --- [restartedMain] org.hibernate.Version                    : HHH000412: Hibernate ORM core version 6.1.7.Final
2023-04-08T11:34:51.468-05:00  INFO 13432 --- [restartedMain] com.zaxxer.hikari.HikariDataSource       : HikariPool-1 - Starting...
2023-04-08T11:34:52.930-05:00  INFO 13432 --- [restartedMain] com.zaxxer.hikari.pool.HikariPool        : HikariPool-1 - Added connection ConnectionID:1 ClientConnectionId: 04a28ab6-ab50-40d8-aee3-a53edb6b9a07
2023-04-08T11:34:52.932-05:00  INFO 13432 --- [restartedMain] com.zaxxer.hikari.HikariDataSource       : HikariPool-1 - Start completed.
2023-04-08T11:34:52.965-05:00  INFO 13432 --- [restartedMain] SQL dialect                              : HHH000400: Using dialect: org.hibernate.dialect.SQLServerDialect
2023-04-08T11:34:53.531-05:00  INFO 13432 --- [restartedMain] o.h.e.t.j.p.i.JtaPlatformInitiator       : HHH000490: Using JtaPlatform implementation: [org.hibernate.engine.transaction.jta.platform.internal.NoJtaPlatform]
2023-04-08T11:34:53.545-05:00  INFO 13432 --- [restartedMain] j.LocalContainerEntityManagerFactoryBean : Initialized JPA EntityManagerFactory for persistence unit 'default'
2023-04-08T11:34:53.581-05:00  WARN 13432 --- [restartedMain] JpaBaseConfiguration$JpaWebConfiguration : spring.jpa.open-in-view is enabled by default. Therefore, database queries may be performed during view rendering. Explicitly configure spring.jpa.open-in-view to disable this warning
2023-04-08T11:34:53.763-05:00  WARN 13432 --- [restartedMain] ion$DefaultTemplateResolverConfiguration : Cannot find template location: classpath:/templates/ (please add some templates, check your Thymeleaf configuration, or set spring.thymeleaf.check-template-location=false)
2023-04-08T11:34:54.009-05:00  WARN 13432 --- [restartedMain] o.s.data.convert.CustomConversions       : Registering converter from class microsoft.sql.DateTimeOffset to class java.time.OffsetDateTime as reading converter although it doesn't convert from a store-supported type; You might want to check your annotation setup at the converter implementation
2023-04-08T11:34:54.080-05:00  INFO 13432 --- [restartedMain] o.s.b.d.a.OptionalLiveReloadServer       : LiveReload server is running on port 35729
2023-04-08T11:34:54.114-05:00  INFO 13432 --- [restartedMain] o.s.b.w.embedded.tomcat.TomcatWebServer  : Tomcat started on port(s): 8080 (http) with context path '/onpe'
2023-04-08T11:34:54.122-05:00  INFO 13432 --- [restartedMain] com.web.onpe.WebOnpeStsApplication       : Started WebOnpeStsApplication in 4.489 seconds (process running for 5.292)
2023-04-08T11:37:26.388-05:00  INFO 13432 --- [File Watcher] rtingClassPathChangeChangedEventListener : Restarting due to 1 class path change (1 addition, 0 deletions, 0 modifications)
2023-04-08T11:37:26.395-05:00  INFO 13432 --- [Thread-5] o.apache.catalina.core.StandardService   : Stopping service [Tomcat]
2023-04-08T11:37:26.402-05:00  INFO 13432 --- [Thread-5] j.LocalContainerEntityManagerFactoryBean : Closing JPA EntityManagerFactory for persistence unit 'default'
2023-04-08T11:37:26.404-05:00  INFO 13432 --- [Thread-5] com.zaxxer.hikari.HikariDataSource       : HikariPool-1 - Shutdown initiated...
2023-04-08T11:37:26.408-05:00  INFO 13432 --- [Thread-5] com.zaxxer.hikari.HikariDataSource       : HikariPool-1 - Shutdown completed.
2023-04-08T11:37:26.462-05:00  INFO 13432 --- [restartedMain] com.web.onpe.WebOnpeStsApplication       : Starting WebOnpeStsApplication using Java 17.0.6 with PID 13432 (D:\Users\PC\Documents\workspace-spring-tool-suite-4-4.17.2.RELEASE\WebOnpe_STS\target\classes started by PC in D:\Users\PC\Documents\workspace-spring-tool-suite-4-4.17.2.RELEASE\WebOnpe_STS)
2023-04-08T11:37:26.462-05:00  INFO 13432 --- [restartedMain] com.web.onpe.WebOnpeStsApplication       : No active profile set, falling back to 1 default profile: "default"
2023-04-08T11:37:26.561-05:00  INFO 13432 --- [restartedMain] .s.d.r.c.RepositoryConfigurationDelegate : Multiple Spring Data modules found, entering strict repository configuration mode
2023-04-08T11:37:26.562-05:00  INFO 13432 --- [restartedMain] .s.d.r.c.RepositoryConfigurationDelegate : Bootstrapping Spring Data JDBC repositories in DEFAULT mode.
2023-04-08T11:37:26.563-05:00  INFO 13432 --- [restartedMain] .s.d.r.c.RepositoryConfigurationDelegate : Finished Spring Data repository scanning in 1 ms. Found 0 JDBC repository interfaces.
2023-04-08T11:37:26.565-05:00  INFO 13432 --- [restartedMain] .s.d.r.c.RepositoryConfigurationDelegate : Multiple Spring Data modules found, entering strict repository configuration mode
2023-04-08T11:37:26.565-05:00  INFO 13432 --- [restartedMain] .s.d.r.c.RepositoryConfigurationDelegate : Bootstrapping Spring Data JPA repositories in DEFAULT mode.
2023-04-08T11:37:26.566-05:00  INFO 13432 --- [restartedMain] .s.d.r.c.RepositoryConfigurationDelegate : Finished Spring Data repository scanning in 0 ms. Found 0 JPA repository interfaces.
2023-04-08T11:37:26.620-05:00  INFO 13432 --- [restartedMain] o.s.b.w.embedded.tomcat.TomcatWebServer  : Tomcat initialized with port(s): 8080 (http)
2023-04-08T11:37:26.621-05:00  INFO 13432 --- [restartedMain] o.apache.catalina.core.StandardService   : Starting service [Tomcat]
2023-04-08T11:37:26.621-05:00  INFO 13432 --- [restartedMain] o.apache.catalina.core.StandardEngine    : Starting Servlet engine: [Apache Tomcat/10.1.7]
2023-04-08T11:37:26.634-05:00  INFO 13432 --- [restartedMain] o.a.c.c.C.[Tomcat].[localhost].[/onpe]   : Initializing Spring embedded WebApplicationContext
2023-04-08T11:37:26.634-05:00  INFO 13432 --- [restartedMain] w.s.c.ServletWebServerApplicationContext : Root WebApplicationContext: initialization completed in 170 ms
2023-04-08T11:37:26.655-05:00  INFO 13432 --- [restartedMain] o.hibernate.jpa.internal.util.LogHelper  : HHH000204: Processing PersistenceUnitInfo [name: default]
2023-04-08T11:37:26.659-05:00  INFO 13432 --- [restartedMain] com.zaxxer.hikari.HikariDataSource       : HikariPool-2 - Starting...
2023-04-08T11:37:27.606-05:00  INFO 13432 --- [restartedMain] com.zaxxer.hikari.pool.HikariPool        : HikariPool-2 - Added connection ConnectionID:11 ClientConnectionId: 15bb484b-2c31-4200-99d2-16c943dc1812
2023-04-08T11:37:27.606-05:00  INFO 13432 --- [restartedMain] com.zaxxer.hikari.HikariDataSource       : HikariPool-2 - Start completed.
2023-04-08T11:37:27.607-05:00  INFO 13432 --- [restartedMain] SQL dialect                              : HHH000400: Using dialect: org.hibernate.dialect.SQLServerDialect
2023-04-08T11:37:27.919-05:00  INFO 13432 --- [restartedMain] o.h.e.t.j.p.i.JtaPlatformInitiator       : HHH000490: Using JtaPlatform implementation: [org.hibernate.engine.transaction.jta.platform.internal.NoJtaPlatform]
2023-04-08T11:37:27.919-05:00  INFO 13432 --- [restartedMain] j.LocalContainerEntityManagerFactoryBean : Initialized JPA EntityManagerFactory for persistence unit 'default'
2023-04-08T11:37:27.929-05:00  WARN 13432 --- [restartedMain] JpaBaseConfiguration$JpaWebConfiguration : spring.jpa.open-in-view is enabled by default. Therefore, database queries may be performed during view rendering. Explicitly configure spring.jpa.open-in-view to disable this warning
2023-04-08T11:37:27.975-05:00  WARN 13432 --- [restartedMain] ion$DefaultTemplateResolverConfiguration : Cannot find template location: classpath:/templates/ (please add some templates, check your Thymeleaf configuration, or set spring.thymeleaf.check-template-location=false)
2023-04-08T11:37:27.991-05:00  WARN 13432 --- [restartedMain] o.s.data.convert.CustomConversions       : Registering converter from class microsoft.sql.DateTimeOffset to class java.time.OffsetDateTime as reading converter although it doesn't convert from a store-supported type; You might want to check your annotation setup at the converter implementation
2023-04-08T11:37:28.014-05:00  INFO 13432 --- [restartedMain] o.s.b.d.a.OptionalLiveReloadServer       : LiveReload server is running on port 35729
2023-04-08T11:37:28.022-05:00  INFO 13432 --- [restartedMain] o.s.b.w.embedded.tomcat.TomcatWebServer  : Tomcat started on port(s): 8080 (http) with context path '/onpe'
2023-04-08T11:37:28.027-05:00  INFO 13432 --- [restartedMain] com.web.onpe.WebOnpeStsApplication       : Started WebOnpeStsApplication in 1.581 seconds (process running for 159.197)
2023-04-08T11:37:28.029-05:00  INFO 13432 --- [restartedMain] .ConditionEvaluationDeltaLoggingListener : Condition evaluation unchanged
